<?xml version="1.0" encoding="UTF-8"?>
<!-- Generated by org.testng.reporters.JUnitReportReporter -->
<testsuite hostname="VANEETK" failures="0" tests="4" name="testcases.LoginTest" time="15.510" errors="0" timestamp="2024-05-14T17:54:02 EDT" skipped="1">
  <testcase classname="testcases.LoginTest" name="TC004_Forgot_Password_Cancel" time="4.692"/>
  <system-out/>
  <testcase classname="testcases.LoginTest" name="TC002_Login_UnSuccessful" time="4.634"/>
  <system-out/>
  <testcase classname="testcases.LoginTest" name="TC001_Login_Successful" time="6.184"/>
  <system-out>
    <![CDATA[Login to Application 
Verify the user displayed after login
Value-->true]]>
  </system-out>
  <testcase classname="testcases.LoginTest" name="Login_Test_MultipleData">
    <skipped/>
  </testcase> <!-- Login_Test_MultipleData -->
  <system-out/>
</testsuite> <!-- testcases.LoginTest -->
