<?xml version="1.0" encoding="UTF-8"?>
<!-- Generated by org.testng.reporters.JUnitReportReporter -->
<testsuite hostname="VANEETK" failures="0" tests="2" name="testcases.MyInfoTest" time="0.053" errors="0" timestamp="2024-05-15T14:44:32 EDT" skipped="0">
  <testcase classname="testcases.MyInfoTest" name="VerifyThe_Menu_Item_Count_On_Myinfo" time="0.008"/>
  <system-out/>
  <testcase classname="testcases.MyInfoTest" name="VerifyThe_Menu_Item_Text_On_Myinfo" time="0.045"/>
  <system-out/>
</testsuite> <!-- testcases.MyInfoTest -->
